2025-09-25 08:41:07 +0000 - dagster - DEBUG - daily_pipeline - 187a44dc-1808-4ae3-91d8-dc8d095e3636 - 11119 - LOGS_CAPTURED - Started capturing logs in process (pid: 11119).
2025-09-25 08:41:07 +0000 - dagster - DEBUG - daily_pipeline - 187a44dc-1808-4ae3-91d8-dc8d095e3636 - 11119 - export_to_google_sheets - STEP_START - Started execution of step "export_to_google_sheets".
2025-09-25 08:41:08 +0000 - dagster - ERROR - daily_pipeline - 187a44dc-1808-4ae3-91d8-dc8d095e3636 - 11119 - export_to_google_sheets - STEP_FAILURE - Execution of step "export_to_google_sheets" failed.

dagster._core.errors.DagsterExecutionStepExecutionError: Error occurred while executing op "export_to_google_sheets"::

duckdb.duckdb.IOException: IO Error: Could not set lock on file "/app/data/warehouse/warehouse.duckdb": Conflicting lock is held in /usr/local/bin/python3.11 (PID 11118). However, you would be able to open this database in read-only mode, e.g. by using the -readonly parameter in the CLI. See also https://duckdb.org/docs/connect/concurrency

Stack Trace:
  File "/usr/local/lib/python3.11/site-packages/dagster/_core/execution/plan/utils.py", line 54, in op_execution_error_boundary
    yield
  File "/usr/local/lib/python3.11/site-packages/dagster/_utils/__init__.py", line 474, in iterate_with_context
    next_output = next(iterator)
                  ^^^^^^^^^^^^^^
  File "/usr/local/lib/python3.11/site-packages/dagster/_core/execution/plan/compute_generator.py", line 141, in _coerce_op_compute_fn_to_iterator
    result = invoke_compute_fn(
             ^^^^^^^^^^^^^^^^^^
  File "/usr/local/lib/python3.11/site-packages/dagster/_core/execution/plan/compute_generator.py", line 129, in invoke_compute_fn
    return fn(context, **args_to_pass) if context_arg_provided else fn(**args_to_pass)
                                                                    ^^^^^^^^^^^^^^^^^^
  File "/app/orchestration/dagster_project/src/assets_export_sheets.py", line 42, in export_to_google_sheets
    con = duckdb.connect(DB)
          ^^^^^^^^^^^^^^^^^^

